=== オファー機能検索テスト開始 ===
時刻: 2025-09-22T00:08:27.553Z
[askQuestion Action] Raw response structure: {
  "answer": "オファー機能には、希望条件に合う会員に応募を促すための通知を送る「パーソナルオファー」と「自動オファー」の2種類があります。\n\n### 定義\n*   **オファー**: 希望条件に合う会員に対して、応募を促すために通知を送る機能です。\n*   **パーソナルオファー**: サービスサイトでは「スカウト」と呼ばれます。クライアント企業が任意のタイミングで送付でき、1ヶ月あたりの送信可能数に制限があります。\n*   **自動オファー**: サービスサイトでは「マッチ」と呼ばれます。システムが定めたタイミングで自動送付され、1ヶ月あたりの送信可能数に制限はありません。\n\n### 機能詳細\n*   **パーソナルオファー**\n    *   **送信タイミング**: クライアント企業向け管理画面にて実行したタイミングで送信されます。\n    *   **送信可能数**: 契約している商品の条件によって異なります。オファー上限アップオプションにより上限を増やすことができます。\n    *   **メッセージ編集可否**: メッセージの編集が可能です。\n    *   **送信対象**: 同一会員への送信は、前回の送信から45日間後となります。過去に自社（企業）に応募があった会員には送付されません。\n    *   **紐付け対象**: 企業と教室が紐付けられます。\n    *   **検索条件**: オファー候補会員の検索条件として、勤務条件・雇用形態、希望職種、希望勤務期間、希望給与、アクセス情報（閲覧履歴、キープリスト、最終ログイン日時）などが設定可能です。\n\n*   **自動オファー**\n    *   **送信タイミング**: 設定した希望条件にマッチした会員が発生したタイミングで送信され、送付時間の指定はできません。\n    *   **送信可能数**: 希望条件にマッチした会員数に応じて送信可能です。1ヶ月あたりの送信可能数に制限はありません。\n    *   **メッセージ編集可否**: 定型文のみで、メッセージの編集はできません。\n    *   **送信対象**: 同一会員への送信は、前回の送信から120日間後となります。過去に自社（企業）に応募があった会員には送付されません。\n    *   **紐付け対象**: 企業が紐付けられます。\n    *   **設定情報**: 送信条件として、自動オファー設定情報番号、企業番号、送信設定、対象サイト、エリア（都道府県・市区町村）、年齢、性別、現在の職業、最終ログイン日時、大学情報（文理、入試区分、所在地、学校名、学年）、学歴（高校受験経験、中学受験経験）、指導可能科目などが設定可能です。\n\n### 履歴情報\nパーソナルオファーと自動オファーの両方の履歴情報は「オファー履歴」として管理され、クライアント企業向け管理画面で確認できます。この履歴は年間数十万件規模になる可能性があるため、その性能に耐える設計・実装が求められます。\n\n### 引用\n*   【FIX】オファー設定情報（自動オファー）\n*   【FIX】オファー候補会員検索条件（パーソナルオファー）\n*   【FIX】オプション申込・登録・解除フロー\n*   ワード・ディフィニション\n*   521_オファー機能利用条件\n*   【FIX】オファー履歴\n\n### 参考情報（Low）\n*   【FIX】オファー・応募・選考・採用フロー\n*   【FIX】採用後在籍確認フロー",
  "references": [
    {
      "title": "【FIX】オファー設定情報（自動オファー）",
      "url": "https://giginc.atlassian.net/wiki/spaces/CLIENTTOMO/pages/697827329",
      "spaceName": "CLIENTTOMO",
      "lastUpdated": "2024-03-26T05:22:14.754Z",
      "distance": 0,
      "source": "bm25",
      "scoreText": "BM25 24.69"
    },
    {
      "title": "【FIX】オファー候補会員検索条件（パーソナルオファー）",
      "url": "https://giginc.atlassian.net/wiki/spaces/CLIENTTOMO/pages/697958401",
      "spaceName": "CLIENTTOMO",
      "lastUpdated": "2024-04-02T10:18:53.793Z",
      "distance": 2,
      "source": "bm25",
      "scoreText": "BM25 13.49"
    },
    {
      "title": "【FIX】オプション申込・登録・解除フロー",
      "url": "https://giginc.atlassian.net/wiki/spaces/CLIENTTOMO/pages/674431004",
      "spaceName": "CLIENTTOMO",
      "lastUpdated": "2023-04-26T05:47:01.315Z",
      "distance": 2,
      "source": "bm25",
      "scoreText": "BM25 11.73"
    },
    {
      "title": "ワード・ディフィニション",
      "url": "https://giginc.atlassian.net/wiki/spaces/CLIENTTOMO/pages/666927116",
      "spaceName": "CLIENTTOMO",
      "lastUpdated": "2024-04-08T05:00:04.014Z",
      "distance": 2,
      "source": "bm25",
      "scoreText": "BM25 11.69"
    },
    {
      "title": "521_オファー機能利用条件",
      "url": "https://giginc.atlassian.net/wiki/spaces/CLIENTTOMO/pages/686686292",
      "spaceName": "CLIENTTOMO",
      "lastUpdated": "2025-02-10T08:54:22.848Z",
      "distance": 0,
      "source": "bm25",
      "scoreText": "BM25 22.93"
    },
    {
      "title": "【FIX】オファー履歴",
      "url": "https://giginc.atlassian.net/wiki/spaces/CLIENTTOMO/pages/692092953",
      "spaceName": "CLIENTTOMO",
      "lastUpdated": "2024-04-25T08:12:21.450Z",
      "distance": 0,
      "source": "bm25",
      "scoreText": "BM25 24.04"
    },
    {
      "title": "【FIX】採用後在籍確認フロー",
      "url": "https://giginc.atlassian.net/wiki/spaces/CLIENTTOMO/pages/674496577",
      "spaceName": "CLIENTTOMO",
      "lastUpdated": "2023-03-29T07:47:45.941Z",
      "distance": 3,
      "source": "bm25",
      "scoreText": "BM25 8.64"
    },
    {
      "title": "【FIX】オファー・応募・選考・採用フロー",
      "url": "https://giginc.atlassian.net/wiki/spaces/CLIENTTOMO/pages/674234399",
      "spaceName": "CLIENTTOMO",
      "lastUpdated": "2023-04-28T13:10:50.254Z",
      "distance": 2,
      "source": "bm25",
      "scoreText": "BM25 10.47"
    }
  ]
}
[askQuestion Action] References details:
[askQuestion Action] Reference 1: title=【FIX】オファー設定情報（自動オファー）, source=bm25
[askQuestion Action] Reference 2: title=【FIX】オファー候補会員検索条件（パーソナルオファー）, source=bm25
[askQuestion Action] Reference 3: title=【FIX】オプション申込・登録・解除フロー, source=bm25
[askQuestion Action] Reference 4: title=ワード・ディフィニション, source=bm25
[askQuestion Action] Reference 5: title=521_オファー機能利用条件, source=bm25
[askQuestion Action] Reference 6: title=【FIX】オファー履歴, source=bm25
[askQuestion Action] Reference 7: title=【FIX】採用後在籍確認フロー, source=bm25
[askQuestion Action] Reference 8: title=【FIX】オファー・応募・選考・採用フロー, source=bm25

=== 最終結果 ===
- Answer: オファー機能には、希望条件に合う会員に応募を促すための通知を送る「パーソナルオファー」と「自動オファー」の2種類があります。

### 定義
*   **オファー**: 希望条件に合う会員に対して、応募を促すために通知を送る機能です。
*   **パーソナルオファー**: サービスサイトでは「スカウト」と呼ばれます。クライアント企業が任意のタイミングで送付でき、1ヶ月あたりの送信可能数に制限があります。
*   **自動オファー**: サービスサイトでは「マッチ」と呼ばれます。システムが定めたタイミングで自動送付され、1ヶ月あたりの送信可能数に制限はありません。

### 機能詳細
*   **パーソナルオファー**
    *   **送信タイミング**: クライアント企業向け管理画面にて実行したタイミングで送信されます。
    *   **送信可能数**: 契約している商品の条件によって異なります。オファー上限アップオプションにより上限を増やすことができます。
    *   **メッセージ編集可否**: メッセージの編集が可能です。
    *   **送信対象**: 同一会員への送信は、前回の送信から45日間後となります。過去に自社（企業）に応募があった会員には送付されません。
    *   **紐付け対象**: 企業と教室が紐付けられます。
    *   **検索条件**: オファー候補会員の検索条件として、勤務条件・雇用形態、希望職種、希望勤務期間、希望給与、アクセス情報（閲覧履歴、キープリスト、最終ログイン日時）などが設定可能です。

*   **自動オファー**
    *   **送信タイミング**: 設定した希望条件にマッチした会員が発生したタイミングで送信され、送付時間の指定はできません。
    *   **送信可能数**: 希望条件にマッチした会員数に応じて送信可能です。1ヶ月あたりの送信可能数に制限はありません。
    *   **メッセージ編集可否**: 定型文のみで、メッセージの編集はできません。
    *   **送信対象**: 同一会員への送信は、前回の送信から120日間後となります。過去に自社（企業）に応募があった会員には送付されません。
    *   **紐付け対象**: 企業が紐付けられます。
    *   **設定情報**: 送信条件として、自動オファー設定情報番号、企業番号、送信設定、対象サイト、エリア（都道府県・市区町村）、年齢、性別、現在の職業、最終ログイン日時、大学情報（文理、入試区分、所在地、学校名、学年）、学歴（高校受験経験、中学受験経験）、指導可能科目などが設定可能です。

### 履歴情報
パーソナルオファーと自動オファーの両方の履歴情報は「オファー履歴」として管理され、クライアント企業向け管理画面で確認できます。この履歴は年間数十万件規模になる可能性があるため、その性能に耐える設計・実装が求められます。

### 引用
*   【FIX】オファー設定情報（自動オファー）
*   【FIX】オファー候補会員検索条件（パーソナルオファー）
*   【FIX】オプション申込・登録・解除フロー
*   ワード・ディフィニション
*   521_オファー機能利用条件
*   【FIX】オファー履歴

### 参考情報（Low）
*   【FIX】オファー・応募・選考・採用フロー
*   【FIX】採用後在籍確認フロー
- References count: 8
- References:
  1. 【FIX】オファー設定情報（自動オファー） (undefined%)
  2. 【FIX】オファー候補会員検索条件（パーソナルオファー） (undefined%)
  3. 【FIX】オプション申込・登録・解除フロー (undefined%)
  4. ワード・ディフィニション (undefined%)
  5. 521_オファー機能利用条件 (undefined%)
  6. 【FIX】オファー履歴 (undefined%)
  7. 【FIX】採用後在籍確認フロー (undefined%)
  8. 【FIX】オファー・応募・選考・採用フロー (undefined%)

=== テスト完了 ===
