=== 検索処理直接テスト開始 ===
時刻: 2025-09-21T23:56:06.468Z
[retrieveRelevantDocs] Searching for question: オファー機能の種類は
[lancedbRetrieverTool] Retrieving documents for query: オファー機能の種類は
[lancedbRetrieverTool] Filter params: [object Object]
[lancedbRetrieverTool] Generated filterQuery: (none)
[lancedbRetrieverTool] Original query: "オファー機能の種類は"
[lancedbRetrieverTool] Optimized query: "オファー"
[lancedbRetrieverTool] Expanded query: "オファー"
[lancedbRetrieverTool] Query optimization applied: YES
[lancedbRetrieverTool] Calling searchLanceDB with params: [object Object]
[searchLanceDB] Starting search with query: "オファー"
[searchLanceDB] Connecting to LanceDB at C:\dev\CODE\Confluence_firebase\.lancedb
[keyword-extractor] baseKeywords: オファー
[keyword-extractor] llmSynonyms: 提案,提示,提供,申し出,オファーレター,proposal,offer letter,bid
[keyword-extractor] reduced: オファ,offer letter,proposal
[searchLanceDB] Generated embedding vector with 384 dimensions
[searchLanceDB] Extracted 3 keywords: オファ, offer letter, proposal
[searchLanceDB] Opened table 'confluence'
[searchLanceDB] Using labelFilters: [object Object]
[searchLanceDB] Excluding labels: スコープ外,メールテンプレート,議事録,meeting-notes,アーカイブ,archive
[searchLanceDB] Vector search found 24 results before filtering
[searchLanceDB] Excluded result due to label filter: Seed Title 3
[searchLanceDB] Excluded result due to label filter: Seed Title 2
[searchLanceDB] Excluded result due to label filter: Seed Title 8
[searchLanceDB] Excluded result due to label filter: Seed Title 6
[searchLanceDB] Excluded result due to label filter: Seed Title 7
[searchLanceDB] Excluded result due to label filter: 【作成中】応募完了メール（クライアント企業管理者向け）
[searchLanceDB] Excluded result due to label filter: 2024-4-19 確認会ミーティング議事録
[searchLanceDB] Excluded result due to label filter: 2024-7-3 ミーティング議事録
[searchLanceDB] Excluded result due to label filter: 【統合のため削除】採用お祝い進呈状況管理
[searchLanceDB] Excluded result due to label filter: ■オシゴトQ＆A
[searchLanceDB] Excluded result due to label filter: 2023-06-28 ミーティング議事録
[searchLanceDB] Excluded 11 results due to label filtering
[searchLanceDB] Vector search found 12 results after filtering
[searchLanceDB] Implementing improved hybrid search
[searchLanceDB] Processing result 1:
  Title: 050_■マイページ各種管理機能
  Labels: ["機能要件","フォルダ"]
  Content snippet: 機能一覧 true...
[calculateKeywordScore] Positive keywords: ["オファ","offer letter","proposal"]
[calculateKeywordScore] Negative keywords: []
[calculateKeywordScore] Keyword: "オファ", isGeneric: false, isImportant: false, weightMultiplier: 1.6
[calculateKeywordScore] Keyword: "offer letter", isGeneric: false, isImportant: false, weightMultiplier: 0.6
[calculateKeywordScore] Keyword: "proposal", isGeneric: false, isImportant: false, weightMultiplier: 0.6
  Score details: keyword=0, title=0, label=0, content=0, labelScore=2
  Hybrid score: 0.1726764440536499 (vector: 0.9316911101341248, keyword: 0, label: 2)
[searchLanceDB] Processing result 2:
  Title: 002_【FIX】キャリアトップ
  Labels: ["機能要件"]
  Content snippet: ージェント} 5. スコープ外・制限事項 なし...
[calculateKeywordScore] Positive keywords: ["オファ","offer letter","proposal"]
[calculateKeywordScore] Negative keywords: []
[calculateKeywordScore] Keyword: "オファ", isGeneric: false, isImportant: false, weightMultiplier: 1.6
[calculateKeywordScore] Keyword: "offer letter", isGeneric: false, isImportant: false, weightMultiplier: 0.6
[calculateKeywordScore] Keyword: "proposal", isGeneric: false, isImportant: false, weightMultiplier: 0.6
  Score details: keyword=0, title=0, label=0, content=0, labelScore=2
  Hybrid score: 0.1832086801528931 (vector: 0.9580217003822327, keyword: 0, label: 2)
[searchLanceDB] Processing result 3:
  Title: 471_【FIX】請求先マスタ新規作成
  Labels: ["機能要件"]
  Content snippet: ドレス} {ユーザーエージェント} 5. スコープ外・制限事項 なし...
[calculateKeywordScore] Positive keywords: ["オファ","offer letter","proposal"]
[calculateKeywordScore] Negative keywords: []
[calculateKeywordScore] Keyword: "オファ", isGeneric: false, isImportant: false, weightMultiplier: 1.6
[calculateKeywordScore] Keyword: "offer letter", isGeneric: false, isImportant: false, weightMultiplier: 0.6
[calculateKeywordScore] Keyword: "proposal", isGeneric: false, isImportant: false, weightMultiplier: 0.6
  Score details: keyword=0, title=0, label=0, content=0, labelScore=2
  Hybrid score: 0.1832746982574463 (vector: 0.9581867456436157, keyword: 0, label: 2)
[searchLanceDB] Processing result 4:
  Title: Seed Title 4
  Labels: ["ドキュメント","ワークフロー"]
  Content snippet: Seed content 4...
[calculateKeywordScore] Positive keywords: ["オファ","offer letter","proposal"]
[calculateKeywordScore] Negative keywords: []
[calculateKeywordScore] Keyword: "オファ", isGeneric: false, isImportant: false, weightMultiplier: 1.6
[calculateKeywordScore] Keyword: "offer letter", isGeneric: false, isImportant: false, weightMultiplier: 0.6
[calculateKeywordScore] Keyword: "proposal", isGeneric: false, isImportant: false, weightMultiplier: 0.6
  Score details: keyword=0, title=0, label=0, content=0, labelScore=1
  Hybrid score: 0.29928388595581057 (vector: 0.9982097148895264, keyword: 0, label: 1)
[searchLanceDB] Processing result 5:
  Title: Seed Title 9
  Labels: ["フォルダ"]
  Content snippet: Seed content 9...
[calculateKeywordScore] Positive keywords: ["オファ","offer letter","proposal"]
[calculateKeywordScore] Negative keywords: []
[calculateKeywordScore] Keyword: "オファ", isGeneric: false, isImportant: false, weightMultiplier: 1.6
[calculateKeywordScore] Keyword: "offer letter", isGeneric: false, isImportant: false, weightMultiplier: 0.6
[calculateKeywordScore] Keyword: "proposal", isGeneric: false, isImportant: false, weightMultiplier: 0.6
  Score details: keyword=0, title=0, label=0, content=0, labelScore=0
  Hybrid score: 0.40264391899108887 (vector: 1.0066097974777222, keyword: 0, label: 0)
[searchLanceDB] Processing result 6:
  Title: Seed Title 5
  Labels: ["帳票"]
  Content snippet: Seed content 5...
[calculateKeywordScore] Positive keywords: ["オファ","offer letter","proposal"]
[calculateKeywordScore] Negative keywords: []
[calculateKeywordScore] Keyword: "オファ", isGeneric: false, isImportant: false, weightMultiplier: 1.6
[calculateKeywordScore] Keyword: "offer letter", isGeneric: false, isImportant: false, weightMultiplier: 0.6
[calculateKeywordScore] Keyword: "proposal", isGeneric: false, isImportant: false, weightMultiplier: 0.6
  Score details: keyword=0, title=0, label=0, content=0, labelScore=0
  Hybrid score: 0.40548367500305177 (vector: 1.0137091875076294, keyword: 0, label: 0)
[searchLanceDB] Processing result 7:
  Title: 選択肢マスタ
  Labels: ["共通要件"]
  Content snippet: 1...
[calculateKeywordScore] Positive keywords: ["オファ","offer letter","proposal"]
[calculateKeywordScore] Negative keywords: []
[calculateKeywordScore] Keyword: "オファ", isGeneric: false, isImportant: false, weightMultiplier: 1.6
[calculateKeywordScore] Keyword: "offer letter", isGeneric: false, isImportant: false, weightMultiplier: 0.6
[calculateKeywordScore] Keyword: "proposal", isGeneric: false, isImportant: false, weightMultiplier: 0.6
  Score details: keyword=0, title=0, label=0, content=0, labelScore=2
  Hybrid score: 0.20589141845703124 (vector: 1.0147285461425781, keyword: 0, label: 2)
[searchLanceDB] Processing result 8:
  Title: Seed Title 1
  Labels: ["非機能要件","テスト計画"]
  Content snippet: Seed content 1...
[calculateKeywordScore] Positive keywords: ["オファ","offer letter","proposal"]
[calculateKeywordScore] Negative keywords: []
[calculateKeywordScore] Keyword: "オファ", isGeneric: false, isImportant: false, weightMultiplier: 1.6
[calculateKeywordScore] Keyword: "offer letter", isGeneric: false, isImportant: false, weightMultiplier: 0.6
[calculateKeywordScore] Keyword: "proposal", isGeneric: false, isImportant: false, weightMultiplier: 0.6
  Score details: keyword=0, title=0, label=0, content=0, labelScore=2
  Hybrid score: 0.21560311317443848 (vector: 1.0390077829360962, keyword: 0, label: 2)
[searchLanceDB] Processing result 9:
  Title: 324_【FIX】口コミ編集機能
  Labels: ["機能要件"]
  Content snippet: . 制限事項...
[calculateKeywordScore] Positive keywords: ["オファ","offer letter","proposal"]
[calculateKeywordScore] Negative keywords: []
[calculateKeywordScore] Keyword: "オファ", isGeneric: false, isImportant: false, weightMultiplier: 1.6
[calculateKeywordScore] Keyword: "offer letter", isGeneric: false, isImportant: false, weightMultiplier: 0.6
[calculateKeywordScore] Keyword: "proposal", isGeneric: false, isImportant: false, weightMultiplier: 0.6
  Score details: keyword=0, title=0, label=0, content=0, labelScore=2
  Hybrid score: 0.2258487701416016 (vector: 1.064621925354004, keyword: 0, label: 2)
[searchLanceDB] Processing result 10:
  Title: ■会員
  Labels: ["帳票","フォルダ"]
  Content snippet: true...
[calculateKeywordScore] Positive keywords: ["オファ","offer letter","proposal"]
[calculateKeywordScore] Negative keywords: []
[calculateKeywordScore] Keyword: "オファ", isGeneric: false, isImportant: false, weightMultiplier: 1.6
[calculateKeywordScore] Keyword: "offer letter", isGeneric: false, isImportant: false, weightMultiplier: 0.6
[calculateKeywordScore] Keyword: "proposal", isGeneric: false, isImportant: false, weightMultiplier: 0.6
  Score details: keyword=0, title=0, label=0, content=0, labelScore=0
  Hybrid score: 0.44444141387939456 (vector: 1.1111035346984863, keyword: 0, label: 0)
[searchLanceDB] Processing result 11:
  Title: ■オファー
  Labels: ["フォルダ","帳票"]
  Content snippet: true...
[calculateKeywordScore] Positive keywords: ["オファ","offer letter","proposal"]
[calculateKeywordScore] Negative keywords: []
[calculateKeywordScore] Keyword: "オファ", isGeneric: false, isImportant: false, weightMultiplier: 1.6
[calculateKeywordScore] Keyword: "offer letter", isGeneric: false, isImportant: false, weightMultiplier: 0.6
[calculateKeywordScore] Keyword: "proposal", isGeneric: false, isImportant: false, weightMultiplier: 0.6
  Score details: keyword=0.8, title=1, label=0, content=0, labelScore=0
  Hybrid score: 0.04631781578063965 (vector: 1.1157945394515991, keyword: 0.8, label: 0)
[searchLanceDB] Processing result 12:
  Title: 272_【FIX】請求新規作成機能
  Labels: ["機能要件"]
  Content snippet: ープ外・制限事項 なし...
[calculateKeywordScore] Positive keywords: ["オファ","offer letter","proposal"]
[calculateKeywordScore] Negative keywords: []
[calculateKeywordScore] Keyword: "オファ", isGeneric: false, isImportant: false, weightMultiplier: 1.6
[calculateKeywordScore] Keyword: "offer letter", isGeneric: false, isImportant: false, weightMultiplier: 0.6
[calculateKeywordScore] Keyword: "proposal", isGeneric: false, isImportant: false, weightMultiplier: 0.6
  Score details: keyword=0, title=0, label=0, content=0, labelScore=2
  Hybrid score: 0.2563755989074707 (vector: 1.1409389972686768, keyword: 0, label: 2)
[searchLanceDB] BM25 search keywords: オファ, offer letter, proposal
[searchLanceDB] Excluded 3 BM25 results due to label filtering
[searchLanceDB] Added 15 BM25 rows to candidates for keywords=[オファ, offer letter, proposal]
[searchLanceDB] Added 15 BM25 rows to candidates for core='オファ'
[searchLanceDB] Applied MMR diversification: selected 12/21
[searchLanceDB] Found 1 keyword/hybrid matches in results
[searchLanceDB] Applied RRF fusion to 21 results
[searchLanceDB] Top 3 results after RRF:
  1. 【FIX】オファー設定情報（自動オファー） (rrf: 0.0527)
  2. 【FIX】オファー候補会員検索条件（パーソナルオファー） (rrf: 0.0507)
  3. 【FIX】オプション申込・登録・解除フロー (rrf: 0.0458)
[searchLanceDB] Returning top 12 results based on hybrid score
[searchLanceDB] Final results before formatting:
[searchLanceDB] Result 1: title=【FIX】オファー設定情報（自動オファー）, _sourceType=bm25
[searchLanceDB] Result 2: title=【FIX】オファー候補会員検索条件（パーソナルオファー）, _sourceType=bm25
[searchLanceDB] Result 3: title=【FIX】オプション申込・登録・解除フロー, _sourceType=bm25
[searchLanceDB] Result 4: title=ワード・ディフィニション, _sourceType=bm25
[searchLanceDB] Result 5: title=521_オファー機能利用条件, _sourceType=bm25
[searchLanceDB] Result 6: title=【FIX】オファー履歴, _sourceType=bm25
[searchLanceDB] Result 7: title=【FIX】採用後在籍確認フロー, _sourceType=bm25
[searchLanceDB] Result 8: title=【FIX】オファー・応募・選考・採用フロー, _sourceType=bm25
[searchLanceDB] Result 9: title=【FIX】採用お祝い/口コミ確認・公開フロー, _sourceType=bm25
[searchLanceDB] Result 10: title=■オファー, _sourceType=hybrid
[searchLanceDB] Result 11: title=002_【FIX】キャリアトップ, _sourceType=vector
[searchLanceDB] Result 12: title=324_【FIX】口コミ編集機能, _sourceType=vector
[searchLanceDB] Mapping result: id=697827329-0, _sourceType=bm25
[searchLanceDB] Formatted result: source=bm25
[searchLanceDB] Mapping result: id=697958401-1, _sourceType=bm25
[searchLanceDB] Formatted result: source=bm25
[searchLanceDB] Mapping result: id=674431004-0, _sourceType=bm25
[searchLanceDB] Formatted result: source=bm25
[searchLanceDB] Mapping result: id=666927116-1, _sourceType=bm25
[searchLanceDB] Formatted result: source=bm25
[searchLanceDB] Mapping result: id=686686292-0, _sourceType=bm25
[searchLanceDB] Formatted result: source=bm25
[searchLanceDB] Mapping result: id=692092953-0, _sourceType=bm25
[searchLanceDB] Formatted result: source=bm25
[searchLanceDB] Mapping result: id=674496577-0, _sourceType=bm25
[searchLanceDB] Formatted result: source=bm25
[searchLanceDB] Mapping result: id=674234399-2, _sourceType=bm25
[searchLanceDB] Formatted result: source=bm25
[searchLanceDB] Mapping result: id=674496584-0, _sourceType=bm25
[searchLanceDB] Formatted result: source=bm25
[searchLanceDB] Mapping result: id=698581058-0, _sourceType=hybrid
[searchLanceDB] Formatted result: source=hybrid
[searchLanceDB] Mapping result: id=719257718-3, _sourceType=vector
[searchLanceDB] Formatted result: source=vector
[searchLanceDB] Mapping result: id=704381221-1, _sourceType=vector
[searchLanceDB] Formatted result: source=vector
[lancedbRetrieverTool] Raw search results count: 12
[lancedbRetrieverTool] Raw search results titles: 【FIX】オファー設定情報（自動オファー）,【FIX】オファー候補会員検索条件（パーソナルオファー）,【FIX】オプション申込・登録・解除フロー,ワード・ディフィニション,521_オファー機能利用条件,【FIX】オファー履歴,【FIX】採用後在籍確認フロー,【FIX】オファー・応募・選考・採用フロー,【FIX】採用お祝い/口コミ確認・公開フロー,■オファー,002_【FIX】キャリアトップ,324_【FIX】口コミ編集機能
[retrieveRelevantDocs] Found 12 relevant documents

=== 検索結果 ===
- 結果数: 12
- 結果詳細:
  1. 【FIX】オファー設定情報（自動オファー） (スコア: undefined)
     ラベル: ["帳票"]
  2. 【FIX】オファー候補会員検索条件（パーソナルオファー） (スコア: undefined)
     ラベル: ["帳票"]
  3. 【FIX】オプション申込・登録・解除フロー (スコア: undefined)
     ラベル: ["ワークフロー","フォルダ"]
  4. ワード・ディフィニション (スコア: undefined)
     ラベル: ["ワード・ディフィニション","フォルダ"]
  5. 521_オファー機能利用条件 (スコア: undefined)
     ラベル: ["機能要件"]
  6. 【FIX】オファー履歴 (スコア: undefined)
     ラベル: ["帳票"]
  7. 【FIX】採用後在籍確認フロー (スコア: undefined)
     ラベル: ["ワークフロー","フォルダ"]
  8. 【FIX】オファー・応募・選考・採用フロー (スコア: undefined)
     ラベル: ["ワークフロー","フォルダ"]
  9. 【FIX】採用お祝い/口コミ確認・公開フロー (スコア: undefined)
     ラベル: ["ワークフロー","フォルダ"]
  10. ■オファー (スコア: undefined)
     ラベル: ["フォルダ","帳票"]
  11. 002_【FIX】キャリアトップ (スコア: undefined)
     ラベル: ["機能要件"]
  12. 324_【FIX】口コミ編集機能 (スコア: undefined)
     ラベル: ["機能要件"]

=== テスト完了 ===
